/!\ FAILSAFE /!\  Tue Feb 16 14:56:15 -0200 2016
  Status: 500 Internal Server Error
  Can't connect to MySQL server on 'cpnglcsql1001' (111)
    /usr/local/rvm/gems/ruby-1.8.7-head/gems/activerecord-2.3.14/lib/active_record/connection_adapters/mysql_adapter.rb:620:in `real_connect'
    /usr/local/rvm/gems/ruby-1.8.7-head/gems/activerecord-2.3.14/lib/active_record/connection_adapters/mysql_adapter.rb:620:in `connect'
    /usr/local/rvm/gems/ruby-1.8.7-head/gems/activerecord-2.3.14/lib/active_record/connection_adapters/mysql_adapter.rb:203:in `initialize'
    /usr/local/rvm/gems/ruby-1.8.7-head/gems/activerecord-2.3.14/lib/active_record/connection_adapters/mysql_adapter.rb:75:in `new'
    /usr/local/rvm/gems/ruby-1.8.7-head/gems/activerecord-2.3.14/lib/active_record/connection_adapters/mysql_adapter.rb:75:in `mysql_connection'
    /usr/local/rvm/gems/ruby-1.8.7-head/gems/activerecord-2.3.14/lib/active_record/connection_adapters/abstract/connection_pool.rb:223:in `send'
    /usr/local/rvm/gems/ruby-1.8.7-head/gems/activerecord-2.3.14/lib/active_record/connection_adapters/abstract/connection_pool.rb:223:in `new_connection'
    /usr/local/rvm/gems/ruby-1.8.7-head/gems/activerecord-2.3.14/lib/active_record/connection_adapters/abstract/connection_pool.rb:245:in `checkout_new_connection'
    /usr/local/rvm/gems/ruby-1.8.7-head/gems/activerecord-2.3.14/lib/active_record/connection_adapters/abstract/connection_pool.rb:188:in `checkout'
    /usr/local/rvm/gems/ruby-1.8.7-head/gems/activerecord-2.3.14/lib/active_record/connection_adapters/abstract/connection_pool.rb:184:in `loop'
    /usr/local/rvm/gems/ruby-1.8.7-head/gems/activerecord-2.3.14/lib/active_record/connection_adapters/abstract/connection_pool.rb:184:in `checkout'
    /usr/local/rvm/rubies/ruby-1.8.7-head/lib/ruby/1.8/monitor.rb:242:in `synchronize'
    /usr/local/rvm/gems/ruby-1.8.7-head/gems/activerecord-2.3.14/lib/active_record/connection_adapters/abstract/connection_pool.rb:183:in `checkout'
    /usr/local/rvm/gems/ruby-1.8.7-head/gems/activerecord-2.3.14/lib/active_record/connection_adapters/abstract/connection_pool.rb:98:in `connection'
    /usr/local/rvm/gems/ruby-1.8.7-head/gems/activerecord-2.3.14/lib/active_record/connection_adapters/abstract/connection_pool.rb:326:in `retrieve_connection'
    /usr/local/rvm/gems/ruby-1.8.7-head/gems/activerecord-2.3.14/lib/active_record/connection_adapters/abstract/connection_specification.rb:123:in `retrieve_connection'
    /usr/local/rvm/gems/ruby-1.8.7-head/gems/activerecord-2.3.14/lib/active_record/connection_adapters/abstract/connection_specification.rb:115:in `connection'
    /usr/local/rvm/gems/ruby-1.8.7-head/gems/activerecord-2.3.14/lib/active_record/query_cache.rb:9:in `cache'
    /usr/local/rvm/gems/ruby-1.8.7-head/gems/activerecord-2.3.14/lib/active_record/query_cache.rb:28:in `call'
    /usr/local/rvm/gems/ruby-1.8.7-head/gems/activerecord-2.3.14/lib/active_record/connection_adapters/abstract/connection_pool.rb:361:in `call'
    /usr/local/rvm/gems/ruby-1.8.7-head/gems/actionpack-2.3.14/lib/action_controller/failsafe.rb:26:in `call'
    /usr/local/rvm/gems/ruby-1.8.7-head/gems/rack-1.1.6/lib/rack/lock.rb:11:in `call'
    /usr/local/rvm/gems/ruby-1.8.7-head/gems/rack-1.1.6/lib/rack/lock.rb:11:in `synchronize'
    /usr/local/rvm/gems/ruby-1.8.7-head/gems/rack-1.1.6/lib/rack/lock.rb:11:in `call'
    /usr/local/rvm/gems/ruby-1.8.7-head/gems/actionpack-2.3.14/lib/action_controller/dispatcher.rb:114:in `call'
    /usr/local/rvm/gems/ruby-1.8.7-head/gems/actionpack-2.3.14/lib/action_controller/reloader.rb:34:in `run'
    /usr/local/rvm/gems/ruby-1.8.7-head/gems/actionpack-2.3.14/lib/action_controller/dispatcher.rb:108:in `call'
    /usr/local/rvm/gems/ruby-1.8.7-head/gems/passenger-4.0.53/lib/phusion_passenger/rack/thread_handler_extension.rb:74:in `process_request'
    /usr/local/rvm/gems/ruby-1.8.7-head/gems/passenger-4.0.53/lib/phusion_passenger/request_handler/thread_handler.rb:141:in `accept_and_process_next_request'
    /usr/local/rvm/gems/ruby-1.8.7-head/gems/passenger-4.0.53/lib/phusion_passenger/request_handler/thread_handler.rb:109:in `main_loop'
    /usr/local/rvm/gems/ruby-1.8.7-head/gems/passenger-4.0.53/lib/phusion_passenger/request_handler.rb:455:in `start_threads'
    /usr/local/rvm/gems/ruby-1.8.7-head/gems/passenger-4.0.53/lib/phusion_passenger/request_handler.rb:449:in `initialize'
    /usr/local/rvm/gems/ruby-1.8.7-head/gems/passenger-4.0.53/lib/phusion_passenger/request_handler.rb:449:in `new'
    /usr/local/rvm/gems/ruby-1.8.7-head/gems/passenger-4.0.53/lib/phusion_passenger/request_handler.rb:449:in `start_threads'
    /usr/local/rvm/gems/ruby-1.8.7-head/gems/passenger-4.0.53/lib/phusion_passenger/request_handler.rb:448:in `times'
    /usr/local/rvm/gems/ruby-1.8.7-head/gems/passenger-4.0.53/lib/phusion_passenger/request_handler.rb:448:in `start_threads'
    /usr/local/rvm/gems/ruby-1.8.7-head/gems/passenger-4.0.53/lib/phusion_passenger/request_handler.rb:447:in `synchronize'
    /usr/local/rvm/gems/ruby-1.8.7-head/gems/passenger-4.0.53/lib/phusion_passenger/request_handler.rb:447:in `start_threads'
    /usr/local/rvm/gems/ruby-1.8.7-head/gems/passenger-4.0.53/lib/phusion_passenger/request_handler.rb:208:in `main_loop'
    /usr/local/rvm/gems/ruby-1.8.7-head/gems/passenger-4.0.53/helper-scripts/classic-rails-preloader.rb:187
