
ActionController::RoutingError (No route matches "/images/multi_litoralingressos/bg_fundo_guia.jpg" with {:method=>:get}):
  /usr/local/rvm/gems/ruby-1.8.7-head/gems/newrelic_rpm-3.12.1.298/lib/new_relic/rack/agent_hooks.rb:30:in `call'
  /usr/local/rvm/gems/ruby-1.8.7-head/gems/newrelic_rpm-3.12.1.298/lib/new_relic/rack/agent_hooks.rb:30:in `traced_call'
  /usr/local/rvm/gems/ruby-1.8.7-head/gems/newrelic_rpm-3.12.1.298/lib/new_relic/agent/instrumentation/middleware_tracing.rb:67:in `call'
  /usr/local/rvm/gems/ruby-1.8.7-head/gems/newrelic_rpm-3.12.1.298/lib/new_relic/rack/browser_monitoring.rb:32:in `traced_call'
  /usr/local/rvm/gems/ruby-1.8.7-head/gems/newrelic_rpm-3.12.1.298/lib/new_relic/agent/instrumentation/middleware_tracing.rb:67:in `call'
  passenger (4.0.53) lib/phusion_passenger/rack/thread_handler_extension.rb:74:in `process_request'
  passenger (4.0.53) lib/phusion_passenger/request_handler/thread_handler.rb:141:in `accept_and_process_next_request'
  passenger (4.0.53) lib/phusion_passenger/request_handler/thread_handler.rb:109:in `main_loop'
  passenger (4.0.53) lib/phusion_passenger/request_handler.rb:455:in `start_threads'
  passenger (4.0.53) lib/phusion_passenger/request_handler.rb:449:in `initialize'
  passenger (4.0.53) lib/phusion_passenger/request_handler.rb:449:in `new'
  passenger (4.0.53) lib/phusion_passenger/request_handler.rb:449:in `start_threads'
  passenger (4.0.53) lib/phusion_passenger/request_handler.rb:448:in `times'
  passenger (4.0.53) lib/phusion_passenger/request_handler.rb:448:in `start_threads'
  passenger (4.0.53) lib/phusion_passenger/request_handler.rb:447:in `synchronize'
  passenger (4.0.53) lib/phusion_passenger/request_handler.rb:447:in `start_threads'
  passenger (4.0.53) lib/phusion_passenger/request_handler.rb:208:in `main_loop'
  passenger (4.0.53) helper-scripts/classic-rails-preloader.rb:187

updatedates - 1. - Printed on 06/19/2018 at 18:01:31 - https://compra.compreingressos.com
updatedates - 2. - Printed on 06/19/2018 at 18:01:32
updatedates - 3. - Printed on 06/19/2018 at 18:01:32
updatedates - 4. - Printed on 06/19/2018 at 18:01:32
updatedates - 5. - Printed on 06/19/2018 at 18:01:32
updatedates - 6. - Printed on 06/19/2018 at 18:01:32
updatedates - 7. - Printed on 06/19/2018 at 18:01:32
updatedates - 8. - Printed on 06/19/2018 at 18:01:32
updatedates - 9. - Printed on 06/19/2018 at 18:01:32
updatedates - 10. - Printed on 06/19/2018 at 18:01:32
updatedates - 11. - Printed on 06/19/2018 at 18:01:32
updatedates - 12. - Printed on 06/19/2018 at 18:01:32
